<?xml version="1.0" encoding="UTF-8"?>
<!-- Generated by org.testng.reporters.JUnitXMLReporter -->
<testsuite ignored="4" hostname="W-PF1CV0CB" failures="0" tests="2" name="Test" time="4.121" errors="0" timestamp="2020-08-07T07:55:58 IST">
  <testcase classname="com.way2automation.demo.tests.AutomateWay2Automation" name="@BeforeMethod setup" time="4.052">
    <failure type="org.openqa.selenium.SessionNotCreatedException" message="session not created
from no such window: window was already closed
  (Session info: chrome=84.0.4147.105)
Build info: version: &amp;apos;3.141.59&amp;apos;, revision: &amp;apos;e82be7d358&amp;apos;, time: &amp;apos;2018-11-14T08:17:03&amp;apos;
System info: host: &amp;apos;W-PF1CV0CB&amp;apos;, ip: &amp;apos;192.168.29.98&amp;apos;, os.name: &amp;apos;Windows 10&amp;apos;, os.arch: &amp;apos;amd64&amp;apos;, os.version: &amp;apos;10.0&amp;apos;, java.version: &amp;apos;11.0.7&amp;apos;
Driver info: driver.version: ChromeDriver
remote stacktrace: Backtrace:
	Ordinal0 [0x00BE87E3+2852835]
	Ordinal0 [0x00AD5BB1+1727409]
	Ordinal0 [0x009AE4B9+517305]
	Ordinal0 [0x009A8921+493857]
	Ordinal0 [0x009A93C5+496581]
	Ordinal0 [0x009A4D64+478564]
	Ordinal0 [0x009AF300+520960]
	Ordinal0 [0x0095E489+189577]
	Ordinal0 [0x0095D7FD+186365]
	Ordinal0 [0x0095B70B+177931]
	Ordinal0 [0x00942584+75140]
	Ordinal0 [0x00943650+79440]
	Ordinal0 [0x009435E9+79337]
	Ordinal0 [0x00AEAD5C+1813852]
	GetHandleVerifier [0x00D0C616+1075574]
	GetHandleVerifier [0x00D0C367+1074887]
	GetHandleVerifier [0x00D17497+1120247]
	GetHandleVerifier [0x00D0CC16+1077110]
	Ordinal0 [0x00AE3206+1782278]
	Ordinal0 [0x00AEC3BB+1819579]
	Ordinal0 [0x00AEC523+1819939]
	Ordinal0 [0x00B02B45+1911621]
	BaseThreadInitThunk [0x75EB6359+25]
	RtlGetAppContainerNamedObjectPath [0x778E7C24+228]
	RtlGetAppContainerNamedObjectPath [0x778E7BF4+180]
">
      <![CDATA[org.openqa.selenium.SessionNotCreatedException: session not created
from no such window: window was already closed
  (Session info: chrome=84.0.4147.105)
Build info: version: '3.141.59', revision: 'e82be7d358', time: '2018-11-14T08:17:03'
System info: host: 'W-PF1CV0CB', ip: '192.168.29.98', os.name: 'Windows 10', os.arch: 'amd64', os.version: '10.0', java.version: '11.0.7'
Driver info: driver.version: ChromeDriver
remote stacktrace: Backtrace:
Ordinal0 [0x00BE87E3+2852835]
Ordinal0 [0x00AD5BB1+1727409]
Ordinal0 [0x009AE4B9+517305]
Ordinal0 [0x009A8921+493857]
Ordinal0 [0x009A93C5+496581]
Ordinal0 [0x009A4D64+478564]
Ordinal0 [0x009AF300+520960]
Ordinal0 [0x0095E489+189577]
Ordinal0 [0x0095D7FD+186365]
Ordinal0 [0x0095B70B+177931]
Ordinal0 [0x00942584+75140]
Ordinal0 [0x00943650+79440]
Ordinal0 [0x009435E9+79337]
Ordinal0 [0x00AEAD5C+1813852]
GetHandleVerifier [0x00D0C616+1075574]
GetHandleVerifier [0x00D0C367+1074887]
GetHandleVerifier [0x00D17497+1120247]
GetHandleVerifier [0x00D0CC16+1077110]
Ordinal0 [0x00AE3206+1782278]
Ordinal0 [0x00AEC3BB+1819579]
Ordinal0 [0x00AEC523+1819939]
Ordinal0 [0x00B02B45+1911621]
BaseThreadInitThunk [0x75EB6359+25]
RtlGetAppContainerNamedObjectPath [0x778E7C24+228]
RtlGetAppContainerNamedObjectPath [0x778E7BF4+180]

at org.openqa.selenium.remote.W3CHandshakeResponse.lambda$errorHandler$0(W3CHandshakeResponse.java:62)
at org.openqa.selenium.remote.HandshakeResponse.lambda$getResponseFunction$0(HandshakeResponse.java:30)
at org.openqa.selenium.remote.ProtocolHandshake.lambda$createSession$0(ProtocolHandshake.java:126)
at java.base/java.util.stream.ReferencePipeline$3$1.accept(ReferencePipeline.java:195)
at java.base/java.util.Spliterators$ArraySpliterator.tryAdvance(Spliterators.java:958)
at java.base/java.util.stream.ReferencePipeline.forEachWithCancel(ReferencePipeline.java:127)
at java.base/java.util.stream.AbstractPipeline.copyIntoWithCancel(AbstractPipeline.java:502)
at java.base/java.util.stream.AbstractPipeline.copyInto(AbstractPipeline.java:488)
at java.base/java.util.stream.AbstractPipeline.wrapAndCopyInto(AbstractPipeline.java:474)
at java.base/java.util.stream.FindOps$FindOp.evaluateSequential(FindOps.java:150)
at java.base/java.util.stream.AbstractPipeline.evaluate(AbstractPipeline.java:234)
at java.base/java.util.stream.ReferencePipeline.findFirst(ReferencePipeline.java:543)
at org.openqa.selenium.remote.ProtocolHandshake.createSession(ProtocolHandshake.java:128)
at org.openqa.selenium.remote.ProtocolHandshake.createSession(ProtocolHandshake.java:74)
at org.openqa.selenium.remote.HttpCommandExecutor.execute(HttpCommandExecutor.java:136)
at org.openqa.selenium.remote.service.DriverCommandExecutor.execute(DriverCommandExecutor.java:83)
at org.openqa.selenium.remote.RemoteWebDriver.execute(RemoteWebDriver.java:552)
at org.openqa.selenium.remote.RemoteWebDriver.startSession(RemoteWebDriver.java:213)
at org.openqa.selenium.remote.RemoteWebDriver.<init>(RemoteWebDriver.java:131)
at org.openqa.selenium.chrome.ChromeDriver.<init>(ChromeDriver.java:181)
at org.openqa.selenium.chrome.ChromeDriver.<init>(ChromeDriver.java:168)
at org.openqa.selenium.chrome.ChromeDriver.<init>(ChromeDriver.java:123)
at com.way2automation.demo.tests.AutomateWay2Automation.setup(AutomateWay2Automation.java:34)
at java.base/java.util.ArrayList.forEach(ArrayList.java:1540)
... Removed 35 stack frames]]>
    </failure>
  </testcase> <!-- @BeforeMethod setup -->
  <testcase classname="com.way2automation.demo.tests.AutomateWay2Automation" name="@AfterMethod afterMethod" time="-1.596767158371E9">
    <skipped/>
  </testcase> <!-- @AfterMethod afterMethod -->
  <testcase classname="com.way2automation.demo.tests.AutomateWay2Automation" name="@BeforeMethod setup" time="-1.596767158375E9">
    <skipped/>
  </testcase> <!-- @BeforeMethod setup -->
  <testcase classname="com.way2automation.demo.tests.AutomateWay2Automation" name="@AfterMethod afterMethod" time="-1.596767158385E9">
    <skipped/>
  </testcase> <!-- @AfterMethod afterMethod -->
  <testcase classname="com.way2automation.demo.tests.AutomateWay2Automation" name="registration" time="0.0">
    <skipped/>
  </testcase> <!-- registration -->
  <testcase classname="com.way2automation.demo.tests.AutomateWay2Automation" name="WidgetDatePicker" time="0.0">
    <skipped/>
  </testcase> <!-- WidgetDatePicker -->
  <testcase classname="com.way2automation.demo.tests.AutomateWay2Automation" name="Alerts" time="0.0">
    <ignored/>
  </testcase> <!-- Alerts -->
  <testcase classname="com.way2automation.demo.tests.AutomateWay2Automation" name="FramesAndWindows" time="0.0">
    <ignored/>
  </testcase> <!-- FramesAndWindows -->
  <testcase classname="com.way2automation.demo.tests.AutomateWay2Automation" name="dynamicElements" time="0.0">
    <ignored/>
  </testcase> <!-- dynamicElements -->
  <testcase classname="com.way2automation.demo.tests.AutomateWay2Automation" name="WidgetsMenuTabs" time="0.0">
    <ignored/>
  </testcase> <!-- WidgetsMenuTabs -->
</testsuite> <!-- Test -->
