<?xml version="1.0" encoding="UTF-8"?>
<!-- Generated by org.testng.reporters.JUnitReportReporter -->
<testsuite hostname="W-PF1CV0CB" failures="1" tests="6" name="com.way2automation.demo.tests.AutomateWay2Automation" time="304.478" errors="0" timestamp="2020-08-07T23:54:46 IST" skipped="0">
  <testcase classname="com.way2automation.demo.tests.AutomateWay2Automation" name="registration" time="29.181"/>
  <system-out/>
  <testcase classname="com.way2automation.demo.tests.AutomateWay2Automation" name="dynamicElements" time="57.401">
    <failure message="expected [Argentina] but found []" type="java.lang.AssertionError">
      <![CDATA[java.lang.AssertionError: expected [Argentina] but found []
at org.testng.Assert.fail(Assert.java:99)
at org.testng.Assert.failNotEquals(Assert.java:1037)
at org.testng.Assert.assertEqualsImpl(Assert.java:140)
at org.testng.Assert.assertEquals(Assert.java:122)
at org.testng.Assert.assertEquals(Assert.java:629)
at org.testng.Assert.assertEquals(Assert.java:639)
at com.way2automation.demo.tests.AutomateWay2Automation.dynamicElements(AutomateWay2Automation.java:139)
at java.base/jdk.internal.reflect.NativeMethodAccessorImpl.invoke0(Native Method)
at java.base/jdk.internal.reflect.NativeMethodAccessorImpl.invoke(NativeMethodAccessorImpl.java:62)
at java.base/jdk.internal.reflect.DelegatingMethodAccessorImpl.invoke(DelegatingMethodAccessorImpl.java:43)
at java.base/java.lang.reflect.Method.invoke(Method.java:566)
at org.testng.internal.MethodInvocationHelper.invokeMethod(MethodInvocationHelper.java:132)
at org.testng.internal.TestInvoker.invokeMethod(TestInvoker.java:599)
at org.testng.internal.TestInvoker.invokeTestMethod(TestInvoker.java:174)
at org.testng.internal.MethodRunner.runInSequence(MethodRunner.java:46)
at org.testng.internal.TestInvoker$MethodInvocationAgent.invoke(TestInvoker.java:822)
at org.testng.internal.TestInvoker.invokeTestMethods(TestInvoker.java:147)
at org.testng.internal.TestMethodWorker.invokeTestMethods(TestMethodWorker.java:146)
at org.testng.internal.TestMethodWorker.run(TestMethodWorker.java:128)
at java.base/java.util.ArrayList.forEach(ArrayList.java:1540)
at org.testng.TestRunner.privateRun(TestRunner.java:764)
at org.testng.TestRunner.run(TestRunner.java:585)
at org.testng.SuiteRunner.runTest(SuiteRunner.java:384)
at org.testng.SuiteRunner.runSequentially(SuiteRunner.java:378)
at org.testng.SuiteRunner.privateRun(SuiteRunner.java:337)
at org.testng.SuiteRunner.run(SuiteRunner.java:286)
at org.testng.SuiteRunnerWorker.runSuite(SuiteRunnerWorker.java:53)
at org.testng.SuiteRunnerWorker.run(SuiteRunnerWorker.java:96)
at org.testng.TestNG.runSuitesSequentially(TestNG.java:1218)
at org.testng.TestNG.runSuitesLocally(TestNG.java:1140)
at org.testng.TestNG.runSuites(TestNG.java:1069)
at org.testng.TestNG.run(TestNG.java:1037)
at org.testng.remote.AbstractRemoteTestNG.run(AbstractRemoteTestNG.java:115)
at org.testng.remote.RemoteTestNG.initAndRun(RemoteTestNG.java:251)
at org.testng.remote.RemoteTestNG.main(RemoteTestNG.java:77)
]]>
    </failure>
  </testcase> <!-- dynamicElements -->
  <system-out/>
  <testcase classname="com.way2automation.demo.tests.AutomateWay2Automation" name="WidgetsMenuTabs" time="51.556"/>
  <system-out/>
  <testcase classname="com.way2automation.demo.tests.AutomateWay2Automation" name="Alerts" time="63.942"/>
  <system-out/>
  <testcase classname="com.way2automation.demo.tests.AutomateWay2Automation" name="WidgetDatePicker" time="48.442"/>
  <system-out/>
  <testcase classname="com.way2automation.demo.tests.AutomateWay2Automation" name="FramesAndWindows" time="53.956"/>
  <system-out/>
</testsuite> <!-- com.way2automation.demo.tests.AutomateWay2Automation -->
