<?xml version="1.0" encoding="UTF-8"?>
<!-- Generated by org.testng.reporters.JUnitXMLReporter -->
<testsuite ignored="4" hostname="W-PF1CV0CB" failures="0" tests="2" name="AutomateWay2Automation" time="73.793" errors="0" timestamp="2020-08-07T09:26:35 IST">
  <testcase classname="com.way2automation.demo.tests.AutomateWay2Automation" name="@BeforeMethod setup" time="73.596">
    <failure type="org.openqa.selenium.NoSuchWindowException" message="no such window: target window already closed
from unknown error: web view not found
  (Session info: chrome=84.0.4147.105)
Build info: version: &amp;apos;3.141.59&amp;apos;, revision: &amp;apos;e82be7d358&amp;apos;, time: &amp;apos;2018-11-14T08:17:03&amp;apos;
System info: host: &amp;apos;W-PF1CV0CB&amp;apos;, ip: &amp;apos;192.168.29.98&amp;apos;, os.name: &amp;apos;Windows 10&amp;apos;, os.arch: &amp;apos;amd64&amp;apos;, os.version: &amp;apos;10.0&amp;apos;, java.version: &amp;apos;11.0.7&amp;apos;
Driver info: org.openqa.selenium.chrome.ChromeDriver
Capabilities {acceptInsecureCerts: false, browserName: chrome, browserVersion: 84.0.4147.105, chrome: {chromedriverVersion: 84.0.4147.30 (48b3e868b4cc0..., userDataDir: C:\Users\I504064\AppData\Lo...}, goog:chromeOptions: {debuggerAddress: localhost:55866}, javascriptEnabled: true, networkConnectionEnabled: false, pageLoadStrategy: normal, platform: WINDOWS, platformName: WINDOWS, proxy: Proxy(), setWindowRect: true, strictFileInteractability: false, timeouts: {implicit: 0, pageLoad: 300000, script: 30000}, unhandledPromptBehavior: dismiss and notify, webauthn:virtualAuthenticators: true}
Session ID: 114af2247d7b9f7cde1b7288a56fc322">
      <![CDATA[org.openqa.selenium.NoSuchWindowException: no such window: target window already closed
from unknown error: web view not found
  (Session info: chrome=84.0.4147.105)
Build info: version: '3.141.59', revision: 'e82be7d358', time: '2018-11-14T08:17:03'
System info: host: 'W-PF1CV0CB', ip: '192.168.29.98', os.name: 'Windows 10', os.arch: 'amd64', os.version: '10.0', java.version: '11.0.7'
Driver info: org.openqa.selenium.chrome.ChromeDriver
Capabilities {acceptInsecureCerts: false, browserName: chrome, browserVersion: 84.0.4147.105, chrome: {chromedriverVersion: 84.0.4147.30 (48b3e868b4cc0..., userDataDir: C:\Users\I504064\AppData\Lo...}, goog:chromeOptions: {debuggerAddress: localhost:55866}, javascriptEnabled: true, networkConnectionEnabled: false, pageLoadStrategy: normal, platform: WINDOWS, platformName: WINDOWS, proxy: Proxy(), setWindowRect: true, strictFileInteractability: false, timeouts: {implicit: 0, pageLoad: 300000, script: 30000}, unhandledPromptBehavior: dismiss and notify, webauthn:virtualAuthenticators: true}
Session ID: 114af2247d7b9f7cde1b7288a56fc322
at org.openqa.selenium.remote.http.W3CHttpResponseCodec.createException(W3CHttpResponseCodec.java:187)
at org.openqa.selenium.remote.http.W3CHttpResponseCodec.decode(W3CHttpResponseCodec.java:122)
at org.openqa.selenium.remote.http.W3CHttpResponseCodec.decode(W3CHttpResponseCodec.java:49)
at org.openqa.selenium.remote.HttpCommandExecutor.execute(HttpCommandExecutor.java:158)
at org.openqa.selenium.remote.service.DriverCommandExecutor.execute(DriverCommandExecutor.java:83)
at org.openqa.selenium.remote.RemoteWebDriver.execute(RemoteWebDriver.java:552)
at org.openqa.selenium.remote.RemoteWebDriver.execute(RemoteWebDriver.java:609)
at org.openqa.selenium.remote.RemoteWebDriver$RemoteWebDriverOptions$RemoteWindow.maximize(RemoteWebDriver.java:837)
at com.way2automation.demo.tests.AutomateWay2Automation.setup(AutomateWay2Automation.java:60)
at java.base/java.util.ArrayList.forEach(ArrayList.java:1540)
... Removed 39 stack frames]]>
    </failure>
  </testcase> <!-- @BeforeMethod setup -->
  <testcase classname="com.way2automation.demo.tests.AutomateWay2Automation" name="@AfterMethod afterMethod" time="-1.596772595444E9">
    <skipped/>
  </testcase> <!-- @AfterMethod afterMethod -->
  <testcase classname="com.way2automation.demo.tests.AutomateWay2Automation" name="@BeforeMethod setup" time="-1.596772595462E9">
    <skipped/>
  </testcase> <!-- @BeforeMethod setup -->
  <testcase classname="com.way2automation.demo.tests.AutomateWay2Automation" name="@AfterMethod afterMethod" time="-1.596772595465E9">
    <skipped/>
  </testcase> <!-- @AfterMethod afterMethod -->
  <testcase classname="com.way2automation.demo.tests.AutomateWay2Automation" name="registration" time="0.0">
    <skipped/>
  </testcase> <!-- registration -->
  <testcase classname="com.way2automation.demo.tests.AutomateWay2Automation" name="WidgetsMenuTabs" time="0.0">
    <skipped/>
  </testcase> <!-- WidgetsMenuTabs -->
  <testcase classname="com.way2automation.demo.tests.AutomateWay2Automation" name="Alerts" time="0.0">
    <ignored/>
  </testcase> <!-- Alerts -->
  <testcase classname="com.way2automation.demo.tests.AutomateWay2Automation" name="FramesAndWindows" time="0.0">
    <ignored/>
  </testcase> <!-- FramesAndWindows -->
  <testcase classname="com.way2automation.demo.tests.AutomateWay2Automation" name="dynamicElements" time="0.0">
    <ignored/>
  </testcase> <!-- dynamicElements -->
  <testcase classname="com.way2automation.demo.tests.AutomateWay2Automation" name="WidgetDatePicker" time="0.0">
    <ignored/>
  </testcase> <!-- WidgetDatePicker -->
</testsuite> <!-- AutomateWay2Automation -->
